\BOOKMARK [0][-]{chapter.1}{\376\377\0001\000\040\000B\000a\000s\000e\000\040\000A\000r\000c\000h\000i\000t\000e\000c\000t\000u\000r\000e\000\040\000f\000o\000r\000\040\000t\000h\000e\000\040\000A\000r\000c\000a\000d\000e\000\040\000P\000r\000o\000j\000e\000c\000t}{}% 1
\BOOKMARK [1][-]{section.1.1}{\376\377\0001\000.\0001\000\040\000I\000n\000t\000e\000r\000f\000a\000c\000e\000s}{chapter.1}% 2
\BOOKMARK [1][-]{section.1.2}{\376\377\0001\000.\0002\000\040\000B\000u\000i\000l\000d}{chapter.1}% 3
\BOOKMARK [0][-]{chapter.2}{\376\377\0002\000\040\000H\000i\000e\000r\000a\000r\000c\000h\000i\000c\000a\000l\000\040\000I\000n\000d\000e\000x}{}% 4
\BOOKMARK [1][-]{section.2.1}{\376\377\0002\000.\0001\000\040\000C\000l\000a\000s\000s\000\040\000H\000i\000e\000r\000a\000r\000c\000h\000y}{chapter.2}% 5
\BOOKMARK [0][-]{chapter.3}{\376\377\0003\000\040\000C\000l\000a\000s\000s\000\040\000I\000n\000d\000e\000x}{}% 6
\BOOKMARK [1][-]{section.3.1}{\376\377\0003\000.\0001\000\040\000C\000l\000a\000s\000s\000\040\000L\000i\000s\000t}{chapter.3}% 7
\BOOKMARK [0][-]{chapter.4}{\376\377\0004\000\040\000F\000i\000l\000e\000\040\000I\000n\000d\000e\000x}{}% 8
\BOOKMARK [1][-]{section.4.1}{\376\377\0004\000.\0001\000\040\000F\000i\000l\000e\000\040\000L\000i\000s\000t}{chapter.4}% 9
\BOOKMARK [0][-]{chapter.5}{\376\377\0005\000\040\000C\000l\000a\000s\000s\000\040\000D\000o\000c\000u\000m\000e\000n\000t\000a\000t\000i\000o\000n}{}% 10
\BOOKMARK [1][-]{section.5.1}{\376\377\0005\000.\0001\000\040\000A\000r\000c\000a\000d\000e\000:\000:\000A\000G\000a\000m\000e\000\040\000C\000l\000a\000s\000s\000\040\000R\000e\000f\000e\000r\000e\000n\000c\000e}{chapter.5}% 11
\BOOKMARK [2][-]{subsection.5.1.1}{\376\377\0005\000.\0001\000.\0001\000\040\000D\000e\000t\000a\000i\000l\000e\000d\000\040\000D\000e\000s\000c\000r\000i\000p\000t\000i\000o\000n}{section.5.1}% 12
\BOOKMARK [2][-]{subsection.5.1.2}{\376\377\0005\000.\0001\000.\0002\000\040\000M\000e\000m\000b\000e\000r\000\040\000F\000u\000n\000c\000t\000i\000o\000n\000\040\000D\000o\000c\000u\000m\000e\000n\000t\000a\000t\000i\000o\000n}{section.5.1}% 13
\BOOKMARK [3][-]{subsubsection.5.1.2.1}{\376\377\0005\000.\0001\000.\0002\000.\0001\000\040\000g\000e\000t\000G\000a\000m\000e\000N\000a\000m\000e\000\050\000\051}{subsection.5.1.2}% 14
\BOOKMARK [3][-]{subsubsection.5.1.2.2}{\376\377\0005\000.\0001\000.\0002\000.\0002\000\040\000g\000e\000t\000H\000i\000g\000h\000S\000c\000o\000r\000e\000\050\000\051}{subsection.5.1.2}% 15
\BOOKMARK [3][-]{subsubsection.5.1.2.3}{\376\377\0005\000.\0001\000.\0002\000.\0003\000\040\000g\000e\000t\000S\000c\000o\000r\000e\000\050\000\051}{subsection.5.1.2}% 16
\BOOKMARK [3][-]{subsubsection.5.1.2.4}{\376\377\0005\000.\0001\000.\0002\000.\0004\000\040\000g\000e\000t\000S\000t\000a\000t\000e\000\050\000\051}{subsection.5.1.2}% 17
\BOOKMARK [1][-]{section.5.2}{\376\377\0005\000.\0002\000\040\000A\000r\000c\000a\000d\000e\000:\000:\000A\000L\000i\000b\000\040\000C\000l\000a\000s\000s\000\040\000R\000e\000f\000e\000r\000e\000n\000c\000e}{chapter.5}% 18
\BOOKMARK [2][-]{subsection.5.2.1}{\376\377\0005\000.\0002\000.\0001\000\040\000D\000e\000t\000a\000i\000l\000e\000d\000\040\000D\000e\000s\000c\000r\000i\000p\000t\000i\000o\000n}{section.5.2}% 19
\BOOKMARK [2][-]{subsection.5.2.2}{\376\377\0005\000.\0002\000.\0002\000\040\000M\000e\000m\000b\000e\000r\000\040\000F\000u\000n\000c\000t\000i\000o\000n\000\040\000D\000o\000c\000u\000m\000e\000n\000t\000a\000t\000i\000o\000n}{section.5.2}% 20
\BOOKMARK [3][-]{subsubsection.5.2.2.1}{\376\377\0005\000.\0002\000.\0002\000.\0001\000\040\000g\000e\000t\000S\000c\000a\000l\000e\000\050\000\051}{subsection.5.2.2}% 21
\BOOKMARK [3][-]{subsubsection.5.2.2.2}{\376\377\0005\000.\0002\000.\0002\000.\0002\000\040\000g\000e\000t\000S\000i\000z\000e\000\050\000\051}{subsection.5.2.2}% 22
\BOOKMARK [3][-]{subsubsection.5.2.2.3}{\376\377\0005\000.\0002\000.\0002\000.\0003\000\040\000i\000s\000K\000e\000y\000P\000r\000e\000s\000s\000e\000d\000\050\000\051}{subsection.5.2.2}% 23
\BOOKMARK [3][-]{subsubsection.5.2.2.4}{\376\377\0005\000.\0002\000.\0002\000.\0004\000\040\000i\000s\000K\000e\000y\000R\000e\000l\000e\000a\000s\000e\000d\000\050\000\051}{subsection.5.2.2}% 24
\BOOKMARK [3][-]{subsubsection.5.2.2.5}{\376\377\0005\000.\0002\000.\0002\000.\0005\000\040\000s\000e\000t\000S\000c\000a\000l\000e\000\050\000\051\000\040\000[\0001\000/\0002\000]}{subsection.5.2.2}% 25
\BOOKMARK [3][-]{subsubsection.5.2.2.6}{\376\377\0005\000.\0002\000.\0002\000.\0006\000\040\000s\000e\000t\000S\000c\000a\000l\000e\000\050\000\051\000\040\000[\0002\000/\0002\000]}{subsection.5.2.2}% 26
\BOOKMARK [3][-]{subsubsection.5.2.2.7}{\376\377\0005\000.\0002\000.\0002\000.\0007\000\040\000s\000e\000t\000S\000i\000z\000e\000\050\000\051}{subsection.5.2.2}% 27
\BOOKMARK [1][-]{section.5.3}{\376\377\0005\000.\0003\000\040\000A\000r\000c\000a\000d\000e\000:\000:\000A\000O\000b\000j\000e\000c\000t\000\040\000C\000l\000a\000s\000s\000\040\000R\000e\000f\000e\000r\000e\000n\000c\000e}{chapter.5}% 28
\BOOKMARK [2][-]{subsection.5.3.1}{\376\377\0005\000.\0003\000.\0001\000\040\000D\000e\000t\000a\000i\000l\000e\000d\000\040\000D\000e\000s\000c\000r\000i\000p\000t\000i\000o\000n}{section.5.3}% 29
\BOOKMARK [2][-]{subsection.5.3.2}{\376\377\0005\000.\0003\000.\0002\000\040\000M\000e\000m\000b\000e\000r\000\040\000F\000u\000n\000c\000t\000i\000o\000n\000\040\000D\000o\000c\000u\000m\000e\000n\000t\000a\000t\000i\000o\000n}{section.5.3}% 30
\BOOKMARK [3][-]{subsubsection.5.3.2.1}{\376\377\0005\000.\0003\000.\0002\000.\0001\000\040\000g\000e\000t\000C\000o\000l\000o\000r\000\050\000\051}{subsection.5.3.2}% 31
\BOOKMARK [3][-]{subsubsection.5.3.2.2}{\376\377\0005\000.\0003\000.\0002\000.\0002\000\040\000g\000e\000t\000F\000i\000l\000e\000P\000a\000t\000h\000\050\000\051}{subsection.5.3.2}% 32
\BOOKMARK [3][-]{subsubsection.5.3.2.3}{\376\377\0005\000.\0003\000.\0002\000.\0003\000\040\000g\000e\000t\000P\000o\000s\000i\000t\000i\000o\000n\000\050\000\051}{subsection.5.3.2}% 33
\BOOKMARK [3][-]{subsubsection.5.3.2.4}{\376\377\0005\000.\0003\000.\0002\000.\0004\000\040\000g\000e\000t\000S\000h\000a\000p\000e\000\050\000\051}{subsection.5.3.2}% 34
\BOOKMARK [3][-]{subsubsection.5.3.2.5}{\376\377\0005\000.\0003\000.\0002\000.\0005\000\040\000g\000e\000t\000S\000i\000z\000e\000\050\000\051}{subsection.5.3.2}% 35
\BOOKMARK [3][-]{subsubsection.5.3.2.6}{\376\377\0005\000.\0003\000.\0002\000.\0006\000\040\000s\000e\000t\000C\000o\000l\000o\000r\000\050\000\051}{subsection.5.3.2}% 36
\BOOKMARK [3][-]{subsubsection.5.3.2.7}{\376\377\0005\000.\0003\000.\0002\000.\0007\000\040\000s\000e\000t\000F\000i\000l\000e\000P\000a\000t\000h\000\050\000\051}{subsection.5.3.2}% 37
\BOOKMARK [3][-]{subsubsection.5.3.2.8}{\376\377\0005\000.\0003\000.\0002\000.\0008\000\040\000s\000e\000t\000P\000o\000s\000i\000t\000i\000o\000n\000\050\000\051}{subsection.5.3.2}% 38
\BOOKMARK [3][-]{subsubsection.5.3.2.9}{\376\377\0005\000.\0003\000.\0002\000.\0009\000\040\000s\000e\000t\000S\000h\000a\000p\000e\000\050\000\051}{subsection.5.3.2}% 39
\BOOKMARK [3][-]{subsubsection.5.3.2.10}{\376\377\0005\000.\0003\000.\0002\000.\0001\0000\000\040\000s\000e\000t\000S\000i\000z\000e\000\050\000\051}{subsection.5.3.2}% 40
\BOOKMARK [1][-]{section.5.4}{\376\377\0005\000.\0004\000\040\000A\000r\000c\000a\000d\000e\000:\000:\000C\000o\000r\000e\000\040\000C\000l\000a\000s\000s\000\040\000R\000e\000f\000e\000r\000e\000n\000c\000e}{chapter.5}% 41
\BOOKMARK [2][-]{subsection.5.4.1}{\376\377\0005\000.\0004\000.\0001\000\040\000C\000o\000n\000s\000t\000r\000u\000c\000t\000o\000r\000\040\000\046\000\040\000D\000e\000s\000t\000r\000u\000c\000t\000o\000r\000\040\000D\000o\000c\000u\000m\000e\000n\000t\000a\000t\000i\000o\000n}{section.5.4}% 42
\BOOKMARK [3][-]{subsubsection.5.4.1.1}{\376\377\0005\000.\0004\000.\0001\000.\0001\000\040\000C\000o\000r\000e\000\050\000\051}{subsection.5.4.1}% 43
\BOOKMARK [3][-]{subsubsection.5.4.1.2}{\376\377\0005\000.\0004\000.\0001\000.\0002\000\040\000\040\000C\000o\000r\000e\000\050\000\051}{subsection.5.4.1}% 44
\BOOKMARK [2][-]{subsection.5.4.2}{\376\377\0005\000.\0004\000.\0002\000\040\000M\000e\000m\000b\000e\000r\000\040\000F\000u\000n\000c\000t\000i\000o\000n\000\040\000D\000o\000c\000u\000m\000e\000n\000t\000a\000t\000i\000o\000n}{section.5.4}% 45
\BOOKMARK [3][-]{subsubsection.5.4.2.1}{\376\377\0005\000.\0004\000.\0002\000.\0001\000\040\000g\000e\000t\000D\000e\000l\000t\000a\000T\000i\000m\000e\000\050\000\051}{subsection.5.4.2}% 46
\BOOKMARK [3][-]{subsubsection.5.4.2.2}{\376\377\0005\000.\0004\000.\0002\000.\0002\000\040\000l\000o\000o\000p\000\050\000\051}{subsection.5.4.2}% 47
\BOOKMARK [1][-]{section.5.5}{\376\377\0005\000.\0005\000\040\000A\000r\000c\000a\000d\000e\000:\000:\000I\000G\000a\000m\000e\000\040\000C\000l\000a\000s\000s\000\040\000R\000e\000f\000e\000r\000e\000n\000c\000e}{chapter.5}% 48
\BOOKMARK [2][-]{subsection.5.5.1}{\376\377\0005\000.\0005\000.\0001\000\040\000D\000e\000t\000a\000i\000l\000e\000d\000\040\000D\000e\000s\000c\000r\000i\000p\000t\000i\000o\000n}{section.5.5}% 49
\BOOKMARK [2][-]{subsection.5.5.2}{\376\377\0005\000.\0005\000.\0002\000\040\000M\000e\000m\000b\000e\000r\000\040\000F\000u\000n\000c\000t\000i\000o\000n\000\040\000D\000o\000c\000u\000m\000e\000n\000t\000a\000t\000i\000o\000n}{section.5.5}% 50
\BOOKMARK [3][-]{subsubsection.5.5.2.1}{\376\377\0005\000.\0005\000.\0002\000.\0001\000\040\000g\000e\000t\000G\000a\000m\000e\000N\000a\000m\000e\000\050\000\051}{subsection.5.5.2}% 51
\BOOKMARK [3][-]{subsubsection.5.5.2.2}{\376\377\0005\000.\0005\000.\0002\000.\0002\000\040\000g\000e\000t\000H\000i\000g\000h\000S\000c\000o\000r\000e\000\050\000\051}{subsection.5.5.2}% 52
\BOOKMARK [3][-]{subsubsection.5.5.2.3}{\376\377\0005\000.\0005\000.\0002\000.\0003\000\040\000g\000e\000t\000S\000c\000o\000r\000e\000\050\000\051}{subsection.5.5.2}% 53
\BOOKMARK [3][-]{subsubsection.5.5.2.4}{\376\377\0005\000.\0005\000.\0002\000.\0004\000\040\000g\000e\000t\000S\000t\000a\000t\000e\000\050\000\051}{subsection.5.5.2}% 54
\BOOKMARK [3][-]{subsubsection.5.5.2.5}{\376\377\0005\000.\0005\000.\0002\000.\0005\000\040\000l\000o\000a\000d\000\050\000\051}{subsection.5.5.2}% 55
\BOOKMARK [3][-]{subsubsection.5.5.2.6}{\376\377\0005\000.\0005\000.\0002\000.\0006\000\040\000r\000e\000n\000d\000e\000r\000\050\000\051}{subsection.5.5.2}% 56
\BOOKMARK [3][-]{subsubsection.5.5.2.7}{\376\377\0005\000.\0005\000.\0002\000.\0007\000\040\000r\000e\000s\000e\000t\000\050\000\051}{subsection.5.5.2}% 57
\BOOKMARK [3][-]{subsubsection.5.5.2.8}{\376\377\0005\000.\0005\000.\0002\000.\0008\000\040\000u\000n\000l\000o\000a\000d\000\050\000\051}{subsection.5.5.2}% 58
\BOOKMARK [3][-]{subsubsection.5.5.2.9}{\376\377\0005\000.\0005\000.\0002\000.\0009\000\040\000u\000p\000d\000a\000t\000e\000\050\000\051}{subsection.5.5.2}% 59
\BOOKMARK [1][-]{section.5.6}{\376\377\0005\000.\0006\000\040\000A\000r\000c\000a\000d\000e\000:\000:\000I\000L\000i\000b\000\040\000C\000l\000a\000s\000s\000\040\000R\000e\000f\000e\000r\000e\000n\000c\000e}{chapter.5}% 60
\BOOKMARK [2][-]{subsection.5.6.1}{\376\377\0005\000.\0006\000.\0001\000\040\000D\000e\000t\000a\000i\000l\000e\000d\000\040\000D\000e\000s\000c\000r\000i\000p\000t\000i\000o\000n}{section.5.6}% 61
\BOOKMARK [2][-]{subsection.5.6.2}{\376\377\0005\000.\0006\000.\0002\000\040\000M\000e\000m\000b\000e\000r\000\040\000F\000u\000n\000c\000t\000i\000o\000n\000\040\000D\000o\000c\000u\000m\000e\000n\000t\000a\000t\000i\000o\000n}{section.5.6}% 62
\BOOKMARK [3][-]{subsubsection.5.6.2.1}{\376\377\0005\000.\0006\000.\0002\000.\0001\000\040\000d\000r\000a\000w\000O\000b\000j\000e\000t\000s\000\050\000\051}{subsection.5.6.2}% 63
\BOOKMARK [3][-]{subsubsection.5.6.2.2}{\376\377\0005\000.\0006\000.\0002\000.\0002\000\040\000d\000r\000a\000w\000S\000h\000a\000p\000e\000s\000\050\000\051}{subsection.5.6.2}% 64
\BOOKMARK [3][-]{subsubsection.5.6.2.3}{\376\377\0005\000.\0006\000.\0002\000.\0003\000\040\000d\000r\000a\000w\000T\000e\000x\000t\000\050\000\051\000\040\000[\0001\000/\0002\000]}{subsection.5.6.2}% 65
\BOOKMARK [3][-]{subsubsection.5.6.2.4}{\376\377\0005\000.\0006\000.\0002\000.\0004\000\040\000d\000r\000a\000w\000T\000e\000x\000t\000\050\000\051\000\040\000[\0002\000/\0002\000]}{subsection.5.6.2}% 66
\BOOKMARK [3][-]{subsubsection.5.6.2.5}{\376\377\0005\000.\0006\000.\0002\000.\0005\000\040\000g\000e\000t\000S\000c\000a\000l\000e\000\050\000\051}{subsection.5.6.2}% 67
\BOOKMARK [3][-]{subsubsection.5.6.2.6}{\376\377\0005\000.\0006\000.\0002\000.\0006\000\040\000g\000e\000t\000S\000i\000z\000e\000\050\000\051}{subsection.5.6.2}% 68
\BOOKMARK [3][-]{subsubsection.5.6.2.7}{\376\377\0005\000.\0006\000.\0002\000.\0007\000\040\000i\000s\000K\000e\000y\000P\000r\000e\000s\000s\000e\000d\000\050\000\051}{subsection.5.6.2}% 69
\BOOKMARK [3][-]{subsubsection.5.6.2.8}{\376\377\0005\000.\0006\000.\0002\000.\0008\000\040\000i\000s\000K\000e\000y\000R\000e\000l\000e\000a\000s\000e\000d\000\050\000\051}{subsection.5.6.2}% 70
\BOOKMARK [3][-]{subsubsection.5.6.2.9}{\376\377\0005\000.\0006\000.\0002\000.\0009\000\040\000i\000s\000W\000i\000n\000d\000o\000w\000C\000l\000o\000s\000e\000d\000\050\000\051}{subsection.5.6.2}% 71
\BOOKMARK [3][-]{subsubsection.5.6.2.10}{\376\377\0005\000.\0006\000.\0002\000.\0001\0000\000\040\000s\000e\000t\000S\000c\000a\000l\000e\000\050\000\051\000\040\000[\0001\000/\0002\000]}{subsection.5.6.2}% 72
\BOOKMARK [3][-]{subsubsection.5.6.2.11}{\376\377\0005\000.\0006\000.\0002\000.\0001\0001\000\040\000s\000e\000t\000S\000c\000a\000l\000e\000\050\000\051\000\040\000[\0002\000/\0002\000]}{subsection.5.6.2}% 73
\BOOKMARK [3][-]{subsubsection.5.6.2.12}{\376\377\0005\000.\0006\000.\0002\000.\0001\0002\000\040\000s\000e\000t\000S\000i\000z\000e\000\050\000\051}{subsection.5.6.2}% 74
\BOOKMARK [1][-]{section.5.7}{\376\377\0005\000.\0007\000\040\000A\000r\000c\000a\000d\000e\000:\000:\000I\000O\000b\000j\000e\000c\000t\000\040\000C\000l\000a\000s\000s\000\040\000R\000e\000f\000e\000r\000e\000n\000c\000e}{chapter.5}% 75
\BOOKMARK [2][-]{subsection.5.7.1}{\376\377\0005\000.\0007\000.\0001\000\040\000D\000e\000t\000a\000i\000l\000e\000d\000\040\000D\000e\000s\000c\000r\000i\000p\000t\000i\000o\000n}{section.5.7}% 76
\BOOKMARK [2][-]{subsection.5.7.2}{\376\377\0005\000.\0007\000.\0002\000\040\000C\000o\000n\000s\000t\000r\000u\000c\000t\000o\000r\000\040\000\046\000\040\000D\000e\000s\000t\000r\000u\000c\000t\000o\000r\000\040\000D\000o\000c\000u\000m\000e\000n\000t\000a\000t\000i\000o\000n}{section.5.7}% 77
\BOOKMARK [3][-]{subsubsection.5.7.2.1}{\376\377\0005\000.\0007\000.\0002\000.\0001\000\040\000I\000O\000b\000j\000e\000c\000t\000\050\000\051}{subsection.5.7.2}% 78
\BOOKMARK [2][-]{subsection.5.7.3}{\376\377\0005\000.\0007\000.\0003\000\040\000M\000e\000m\000b\000e\000r\000\040\000F\000u\000n\000c\000t\000i\000o\000n\000\040\000D\000o\000c\000u\000m\000e\000n\000t\000a\000t\000i\000o\000n}{section.5.7}% 79
\BOOKMARK [3][-]{subsubsection.5.7.3.1}{\376\377\0005\000.\0007\000.\0003\000.\0001\000\040\000g\000e\000t\000C\000o\000l\000o\000r\000\050\000\051}{subsection.5.7.3}% 80
\BOOKMARK [3][-]{subsubsection.5.7.3.2}{\376\377\0005\000.\0007\000.\0003\000.\0002\000\040\000g\000e\000t\000F\000i\000l\000e\000P\000a\000t\000h\000\050\000\051}{subsection.5.7.3}% 81
\BOOKMARK [3][-]{subsubsection.5.7.3.3}{\376\377\0005\000.\0007\000.\0003\000.\0003\000\040\000g\000e\000t\000P\000o\000s\000i\000t\000i\000o\000n\000\050\000\051}{subsection.5.7.3}% 82
\BOOKMARK [3][-]{subsubsection.5.7.3.4}{\376\377\0005\000.\0007\000.\0003\000.\0004\000\040\000g\000e\000t\000S\000h\000a\000p\000e\000\050\000\051}{subsection.5.7.3}% 83
\BOOKMARK [3][-]{subsubsection.5.7.3.5}{\376\377\0005\000.\0007\000.\0003\000.\0005\000\040\000g\000e\000t\000S\000i\000z\000e\000\050\000\051}{subsection.5.7.3}% 84
\BOOKMARK [3][-]{subsubsection.5.7.3.6}{\376\377\0005\000.\0007\000.\0003\000.\0006\000\040\000s\000e\000t\000C\000o\000l\000o\000r\000\050\000\051}{subsection.5.7.3}% 85
\BOOKMARK [3][-]{subsubsection.5.7.3.7}{\376\377\0005\000.\0007\000.\0003\000.\0007\000\040\000s\000e\000t\000F\000i\000l\000e\000P\000a\000t\000h\000\050\000\051}{subsection.5.7.3}% 86
\BOOKMARK [3][-]{subsubsection.5.7.3.8}{\376\377\0005\000.\0007\000.\0003\000.\0008\000\040\000s\000e\000t\000P\000o\000s\000i\000t\000i\000o\000n\000\050\000\051}{subsection.5.7.3}% 87
\BOOKMARK [3][-]{subsubsection.5.7.3.9}{\376\377\0005\000.\0007\000.\0003\000.\0009\000\040\000s\000e\000t\000S\000h\000a\000p\000e\000\050\000\051}{subsection.5.7.3}% 88
\BOOKMARK [3][-]{subsubsection.5.7.3.10}{\376\377\0005\000.\0007\000.\0003\000.\0001\0000\000\040\000s\000e\000t\000S\000i\000z\000e\000\050\000\051}{subsection.5.7.3}% 89
\BOOKMARK [1][-]{section.5.8}{\376\377\0005\000.\0008\000\040\000A\000r\000c\000a\000d\000e\000:\000:\000L\000i\000b\000L\000o\000a\000d\000e\000r\000<\000\040\000L\000i\000b\000I\000n\000t\000e\000r\000f\000a\000c\000e\000\040\000>\000\040\000C\000l\000a\000s\000s\000\040\000T\000e\000m\000p\000l\000a\000t\000e\000\040\000R\000e\000f\000e\000r\000e\000n\000c\000e}{chapter.5}% 90
\BOOKMARK [2][-]{subsection.5.8.1}{\376\377\0005\000.\0008\000.\0001\000\040\000C\000o\000n\000s\000t\000r\000u\000c\000t\000o\000r\000\040\000\046\000\040\000D\000e\000s\000t\000r\000u\000c\000t\000o\000r\000\040\000D\000o\000c\000u\000m\000e\000n\000t\000a\000t\000i\000o\000n}{section.5.8}% 91
\BOOKMARK [3][-]{subsubsection.5.8.1.1}{\376\377\0005\000.\0008\000.\0001\000.\0001\000\040\000L\000i\000b\000L\000o\000a\000d\000e\000r\000\050\000\051}{subsection.5.8.1}% 92
\BOOKMARK [3][-]{subsubsection.5.8.1.2}{\376\377\0005\000.\0008\000.\0001\000.\0002\000\040\000\040\000L\000i\000b\000L\000o\000a\000d\000e\000r\000\050\000\051}{subsection.5.8.1}% 93
\BOOKMARK [2][-]{subsection.5.8.2}{\376\377\0005\000.\0008\000.\0002\000\040\000M\000e\000m\000b\000e\000r\000\040\000F\000u\000n\000c\000t\000i\000o\000n\000\040\000D\000o\000c\000u\000m\000e\000n\000t\000a\000t\000i\000o\000n}{section.5.8}% 94
\BOOKMARK [3][-]{subsubsection.5.8.2.1}{\376\377\0005\000.\0008\000.\0002\000.\0001\000\040\000c\000l\000o\000s\000e\000L\000i\000b\000\050\000\051}{subsection.5.8.2}% 95
\BOOKMARK [3][-]{subsubsection.5.8.2.2}{\376\377\0005\000.\0008\000.\0002\000.\0002\000\040\000i\000s\000L\000i\000b\000O\000p\000e\000n\000\050\000\051}{subsection.5.8.2}% 96
\BOOKMARK [3][-]{subsubsection.5.8.2.3}{\376\377\0005\000.\0008\000.\0002\000.\0003\000\040\000l\000o\000a\000d\000G\000a\000m\000e\000L\000i\000b\000\050\000\051}{subsection.5.8.2}% 97
\BOOKMARK [3][-]{subsubsection.5.8.2.4}{\376\377\0005\000.\0008\000.\0002\000.\0004\000\040\000l\000o\000a\000d\000G\000r\000a\000p\000h\000i\000c\000a\000l\000L\000i\000b\000\050\000\051}{subsection.5.8.2}% 98
\BOOKMARK [1][-]{section.5.9}{\376\377\0005\000.\0009\000\040\000A\000r\000c\000a\000d\000e\000:\000:\000L\000o\000a\000d\000e\000r\000E\000x\000c\000e\000p\000t\000i\000o\000n\000\040\000C\000l\000a\000s\000s\000\040\000R\000e\000f\000e\000r\000e\000n\000c\000e}{chapter.5}% 99
\BOOKMARK [2][-]{subsection.5.9.1}{\376\377\0005\000.\0009\000.\0001\000\040\000D\000e\000t\000a\000i\000l\000e\000d\000\040\000D\000e\000s\000c\000r\000i\000p\000t\000i\000o\000n}{section.5.9}% 100
\BOOKMARK [2][-]{subsection.5.9.2}{\376\377\0005\000.\0009\000.\0002\000\040\000C\000o\000n\000s\000t\000r\000u\000c\000t\000o\000r\000\040\000\046\000\040\000D\000e\000s\000t\000r\000u\000c\000t\000o\000r\000\040\000D\000o\000c\000u\000m\000e\000n\000t\000a\000t\000i\000o\000n}{section.5.9}% 101
\BOOKMARK [3][-]{subsubsection.5.9.2.1}{\376\377\0005\000.\0009\000.\0002\000.\0001\000\040\000L\000o\000a\000d\000e\000r\000E\000x\000c\000e\000p\000t\000i\000o\000n\000\050\000\051}{subsection.5.9.2}% 102
\BOOKMARK [3][-]{subsubsection.5.9.2.2}{\376\377\0005\000.\0009\000.\0002\000.\0002\000\040\000\040\000L\000o\000a\000d\000e\000r\000E\000x\000c\000e\000p\000t\000i\000o\000n\000\050\000\051}{subsection.5.9.2}% 103
\BOOKMARK [2][-]{subsection.5.9.3}{\376\377\0005\000.\0009\000.\0003\000\040\000M\000e\000m\000b\000e\000r\000\040\000F\000u\000n\000c\000t\000i\000o\000n\000\040\000D\000o\000c\000u\000m\000e\000n\000t\000a\000t\000i\000o\000n}{section.5.9}% 104
\BOOKMARK [3][-]{subsubsection.5.9.3.1}{\376\377\0005\000.\0009\000.\0003\000.\0001\000\040\000w\000h\000a\000t\000\050\000\051}{subsection.5.9.3}% 105
\BOOKMARK [1][-]{section.5.10}{\376\377\0005\000.\0001\0000\000\040\000A\000r\000c\000a\000d\000e\000:\000:\000T\000e\000x\000t\000\040\000C\000l\000a\000s\000s\000\040\000R\000e\000f\000e\000r\000e\000n\000c\000e}{chapter.5}% 106
\BOOKMARK [2][-]{subsection.5.10.1}{\376\377\0005\000.\0001\0000\000.\0001\000\040\000D\000e\000t\000a\000i\000l\000e\000d\000\040\000D\000e\000s\000c\000r\000i\000p\000t\000i\000o\000n}{section.5.10}% 107
\BOOKMARK [2][-]{subsection.5.10.2}{\376\377\0005\000.\0001\0000\000.\0002\000\040\000C\000o\000n\000s\000t\000r\000u\000c\000t\000o\000r\000\040\000\046\000\040\000D\000e\000s\000t\000r\000u\000c\000t\000o\000r\000\040\000D\000o\000c\000u\000m\000e\000n\000t\000a\000t\000i\000o\000n}{section.5.10}% 108
\BOOKMARK [3][-]{subsubsection.5.10.2.1}{\376\377\0005\000.\0001\0000\000.\0002\000.\0001\000\040\000T\000e\000x\000t\000\050\000\051\000\040\000[\0001\000/\0002\000]}{subsection.5.10.2}% 109
\BOOKMARK [3][-]{subsubsection.5.10.2.2}{\376\377\0005\000.\0001\0000\000.\0002\000.\0002\000\040\000T\000e\000x\000t\000\050\000\051\000\040\000[\0002\000/\0002\000]}{subsection.5.10.2}% 110
\BOOKMARK [2][-]{subsection.5.10.3}{\376\377\0005\000.\0001\0000\000.\0003\000\040\000M\000e\000m\000b\000e\000r\000\040\000F\000u\000n\000c\000t\000i\000o\000n\000\040\000D\000o\000c\000u\000m\000e\000n\000t\000a\000t\000i\000o\000n}{section.5.10}% 111
\BOOKMARK [3][-]{subsubsection.5.10.3.1}{\376\377\0005\000.\0001\0000\000.\0003\000.\0001\000\040\000g\000e\000t\000C\000o\000l\000o\000r\000\050\000\051}{subsection.5.10.3}% 112
\BOOKMARK [3][-]{subsubsection.5.10.3.2}{\376\377\0005\000.\0001\0000\000.\0003\000.\0002\000\040\000g\000e\000t\000P\000o\000s\000i\000t\000i\000o\000n\000\050\000\051}{subsection.5.10.3}% 113
\BOOKMARK [3][-]{subsubsection.5.10.3.3}{\376\377\0005\000.\0001\0000\000.\0003\000.\0003\000\040\000g\000e\000t\000T\000e\000x\000t\000\050\000\051}{subsection.5.10.3}% 114
\BOOKMARK [3][-]{subsubsection.5.10.3.4}{\376\377\0005\000.\0001\0000\000.\0003\000.\0004\000\040\000s\000e\000t\000C\000o\000l\000o\000r\000\050\000\051}{subsection.5.10.3}% 115
\BOOKMARK [3][-]{subsubsection.5.10.3.5}{\376\377\0005\000.\0001\0000\000.\0003\000.\0005\000\040\000s\000e\000t\000P\000o\000s\000i\000t\000i\000o\000n\000\050\000\051}{subsection.5.10.3}% 116
\BOOKMARK [3][-]{subsubsection.5.10.3.6}{\376\377\0005\000.\0001\0000\000.\0003\000.\0006\000\040\000s\000e\000t\000T\000e\000x\000t\000\050\000\051}{subsection.5.10.3}% 117
\BOOKMARK [0][-]{chapter.6}{\376\377\0006\000\040\000F\000i\000l\000e\000\040\000D\000o\000c\000u\000m\000e\000n\000t\000a\000t\000i\000o\000n}{}% 118
\BOOKMARK [1][-]{section.6.1}{\376\377\0006\000.\0001\000\040\000C\000o\000r\000e\000.\000h\000p\000p}{chapter.6}% 119
\BOOKMARK [1][-]{section.6.2}{\376\377\0006\000.\0002\000\040\000E\000r\000r\000o\000r\000M\000a\000n\000a\000g\000e\000m\000e\000n\000t\000.\000h\000p\000p}{chapter.6}% 120
\BOOKMARK [1][-]{section.6.3}{\376\377\0006\000.\0003\000\040\000L\000i\000b\000L\000o\000a\000d\000e\000r\000.\000h\000p\000p}{chapter.6}% 121
\BOOKMARK [1][-]{section.6.4}{\376\377\0006\000.\0004\000\040\000A\000G\000a\000m\000e\000.\000h\000p\000p}{chapter.6}% 122
\BOOKMARK [1][-]{section.6.5}{\376\377\0006\000.\0005\000\040\000I\000G\000a\000m\000e\000.\000h\000p\000p}{chapter.6}% 123
\BOOKMARK [1][-]{section.6.6}{\376\377\0006\000.\0006\000\040\000A\000L\000i\000b\000.\000h\000p\000p}{chapter.6}% 124
\BOOKMARK [1][-]{section.6.7}{\376\377\0006\000.\0007\000\040\000I\000L\000i\000b\000.\000h\000p\000p}{chapter.6}% 125
\BOOKMARK [1][-]{section.6.8}{\376\377\0006\000.\0008\000\040\000T\000y\000p\000e\000s\000.\000h\000p\000p}{chapter.6}% 126
\BOOKMARK [1][-]{section.6.9}{\376\377\0006\000.\0009\000\040\000A\000O\000b\000j\000e\000c\000t\000s\000.\000h\000p\000p}{chapter.6}% 127
\BOOKMARK [1][-]{section.6.10}{\376\377\0006\000.\0001\0000\000\040\000I\000O\000b\000j\000e\000c\000t\000.\000h\000p\000p}{chapter.6}% 128
\BOOKMARK [1][-]{section.6.11}{\376\377\0006\000.\0001\0001\000\040\000T\000e\000x\000t\000.\000h\000p\000p}{chapter.6}% 129
